# JRE version: Java(TM) SE Runtime Environment 18.9 (11.0.17+10) (build 11.0.17+10-LTS-269)
# Java VM: Java HotSpot(TM) 64-Bit Server VM 18.9 (11.0.17+10-LTS-269, mixed mode, tiered, compressed oops, g1 gc, windows-amd64)
Heap:
 garbage-first heap   total 129024K, used 36891K [0x0000000083800000, 0x0000000100000000)
  region size 1024K, 10 young (10240K), 5 survivors (5120K)
 Metaspace       used 63802K, capacity 65990K, committed 66180K, reserved 1105920K
  class space    used 8143K, capacity 9048K, committed 9172K, reserved 1048576K
GC Heap History (10 events):
Event: 13.175 GC heap before
{Heap before GC invocations=9 (full 0):
 garbage-first heap   total 129024K, used 85278K [0x0000000083800000, 0x0000000100000000)
  region size 1024K, 60 young (61440K), 6 survivors (6144K)
 Metaspace       used 45164K, capacity 46351K, committed 46492K, reserved 1089536K
  class space    used 5542K, capacity 6031K, committed 6124K, reserved 1048576K
}
Event: 13.189 GC heap after
{Heap after GC invocations=10 (full 0):
 garbage-first heap   total 129024K, used 24695K [0x0000000083800000, 0x0000000100000000)
  region size 1024K, 8 young (8192K), 8 survivors (8192K)
 Metaspace       used 45164K, capacity 46351K, committed 46492K, reserved 1089536K
  class space    used 5542K, capacity 6031K, committed 6124K, reserved 1048576K
}
Event: 14.218 GC heap before
{Heap before GC invocations=10 (full 0):
 garbage-first heap   total 129024K, used 51319K [0x0000000083800000, 0x0000000100000000)
  region size 1024K, 33 young (33792K), 8 survivors (8192K)
 Metaspace       used 47713K, capacity 49160K, committed 49308K, reserved 1091584K
  class space    used 5926K, capacity 6514K, committed 6636K, reserved 1048576K
}
Event: 14.228 GC heap after
{Heap after GC invocations=11 (full 0):
 garbage-first heap   total 129024K, used 24789K [0x0000000083800000, 0x0000000100000000)
  region size 1024K, 2 young (2048K), 2 survivors (2048K)
 Metaspace       used 47713K, capacity 49160K, committed 49308K, reserved 1091584K
  class space    used 5926K, capacity 6514K, committed 6636K, reserved 1048576K
}
Event: 15.689 GC heap before
{Heap before GC invocations=11 (full 0):
 garbage-first heap   total 129024K, used 64725K [0x0000000083800000, 0x0000000100000000)
  region size 1024K, 41 young (41984K), 2 survivors (2048K)
 Metaspace       used 56300K, capacity 58070K, committed 58268K, reserved 1099776K
  class space    used 7115K, capacity 7824K, committed 7916K, reserved 1048576K
}
Event: 15.700 GC heap after
{Heap after GC invocations=12 (full 0):
 garbage-first heap   total 129024K, used 28550K [0x0000000083800000, 0x0000000100000000)
  region size 1024K, 6 young (6144K), 6 survivors (6144K)
 Metaspace       used 56300K, capacity 58070K, committed 58268K, reserved 1099776K
  class space    used 7115K, capacity 7824K, committed 7916K, reserved 1048576K
}
Event: 16.304 GC heap before
{Heap before GC invocations=12 (full 0):
 garbage-first heap   total 129024K, used 44934K [0x0000000083800000, 0x0000000100000000)
  region size 1024K, 23 young (23552K), 6 survivors (6144K)
 Metaspace       used 58510K, capacity 60338K, committed 60420K, reserved 1101824K
  class space    used 7423K, capacity 8203K, committed 8276K, reserved 1048576K
}
Event: 16.316 GC heap after
{Heap after GC invocations=13 (full 0):
 garbage-first heap   total 129024K, used 29753K [0x0000000083800000, 0x0000000100000000)
  region size 1024K, 2 young (2048K), 2 survivors (2048K)
 Metaspace       used 58510K, capacity 60338K, committed 60420K, reserved 1101824K
  class space    used 7423K, capacity 8203K, committed 8276K, reserved 1048576K
}
Event: 19.782 GC heap before
{Heap before GC invocations=14 (full 0):
 garbage-first heap   total 129024K, used 78905K [0x0000000083800000, 0x0000000100000000)
  region size 1024K, 50 young (51200K), 2 survivors (2048K)
 Metaspace       used 63294K, capacity 65461K, committed 65796K, reserved 1105920K
  class space    used 8064K, capacity 8959K, committed 9044K, reserved 1048576K
}
Event: 19.790 GC heap after
{Heap after GC invocations=15 (full 0):
 garbage-first heap   total 129024K, used 32795K [0x0000000083800000, 0x0000000100000000)
  region size 1024K, 5 young (5120K), 5 survivors (5120K)
 Metaspace       used 63294K, capacity 65461K, committed 65796K, reserved 1105920K
  class space    used 8064K, capacity 8959K, committed 9044K, reserved 1048576K
}

