# JRE version: Java(TM) SE Runtime Environment 18.9 (11.0.17+10) (build 11.0.17+10-LTS-269)
# Java VM: Java HotSpot(TM) 64-Bit Server VM 18.9 (11.0.17+10-LTS-269, mixed mode, tiered, compressed oops, g1 gc, windows-amd64)
Heap:
 garbage-first heap   total 129024K, used 82653K [0x0000000083800000, 0x0000000100000000)
  region size 1024K, 63 young (64512K), 5 survivors (5120K)
 Metaspace       used 50821K, capacity 52233K, committed 52560K, reserved 1095680K
  class space    used 6238K, capacity 6794K, committed 6912K, reserved 1048576K
GC Heap History (10 events):
Event: 7.127 GC heap before
{Heap before GC invocations=4 (full 0):
 garbage-first heap   total 129024K, used 63239K [0x0000000083800000, 0x0000000100000000)
  region size 1024K, 57 young (58368K), 3 survivors (3072K)
 Metaspace       used 28571K, capacity 29245K, committed 29360K, reserved 1075200K
  class space    used 3223K, capacity 3506K, committed 3584K, reserved 1048576K
}
Event: 7.170 GC heap after
{Heap after GC invocations=5 (full 0):
 garbage-first heap   total 129024K, used 10937K [0x0000000083800000, 0x0000000100000000)
  region size 1024K, 5 young (5120K), 5 survivors (5120K)
 Metaspace       used 28571K, capacity 29245K, committed 29360K, reserved 1075200K
  class space    used 3223K, capacity 3506K, committed 3584K, reserved 1048576K
}
Event: 9.163 GC heap before
{Heap before GC invocations=5 (full 0):
 garbage-first heap   total 129024K, used 82617K [0x0000000083800000, 0x0000000100000000)
  region size 1024K, 75 young (76800K), 5 survivors (5120K)
 Metaspace       used 31896K, capacity 32719K, committed 32816K, reserved 1079296K
  class space    used 3608K, capacity 3919K, committed 3968K, reserved 1048576K
}
Event: 9.173 GC heap after
{Heap after GC invocations=6 (full 0):
 garbage-first heap   total 129024K, used 13428K [0x0000000083800000, 0x0000000100000000)
  region size 1024K, 7 young (7168K), 7 survivors (7168K)
 Metaspace       used 31896K, capacity 32719K, committed 32816K, reserved 1079296K
  class space    used 3608K, capacity 3919K, committed 3968K, reserved 1048576K
}
Event: 10.204 GC heap before
{Heap before GC invocations=6 (full 0):
 garbage-first heap   total 129024K, used 45172K [0x0000000083800000, 0x0000000100000000)
  region size 1024K, 39 young (39936K), 7 survivors (7168K)
 Metaspace       used 34938K, capacity 35773K, committed 35920K, reserved 1081344K
  class space    used 4009K, capacity 4336K, committed 4352K, reserved 1048576K
}
Event: 10.216 GC heap after
{Heap after GC invocations=7 (full 0):
 garbage-first heap   total 129024K, used 14875K [0x0000000083800000, 0x0000000100000000)
  region size 1024K, 6 young (6144K), 6 survivors (6144K)
 Metaspace       used 34938K, capacity 35773K, committed 35920K, reserved 1081344K
  class space    used 4009K, capacity 4336K, committed 4352K, reserved 1048576K
}
Event: 12.717 GC heap before
{Heap before GC invocations=8 (full 0):
 garbage-first heap   total 129024K, used 98843K [0x0000000083800000, 0x0000000100000000)
  region size 1024K, 75 young (76800K), 6 survivors (6144K)
 Metaspace       used 40844K, capacity 41918K, committed 42192K, reserved 1087488K
  class space    used 4748K, capacity 5192K, committed 5248K, reserved 1048576K
}
Event: 12.737 GC heap after
{Heap after GC invocations=9 (full 0):
 garbage-first heap   total 129024K, used 20396K [0x0000000083800000, 0x0000000100000000)
  region size 1024K, 10 young (10240K), 10 survivors (10240K)
 Metaspace       used 40844K, capacity 41918K, committed 42192K, reserved 1087488K
  class space    used 4748K, capacity 5192K, committed 5248K, reserved 1048576K
}
Event: 14.629 GC heap before
{Heap before GC invocations=9 (full 0):
 garbage-first heap   total 129024K, used 86956K [0x0000000083800000, 0x0000000100000000)
  region size 1024K, 75 young (76800K), 10 survivors (10240K)
 Metaspace       used 46087K, capacity 47378K, committed 47568K, reserved 1091584K
  class space    used 5458K, capacity 5973K, committed 6016K, reserved 1048576K
}
Event: 14.646 GC heap after
{Heap after GC invocations=10 (full 0):
 garbage-first heap   total 129024K, used 24285K [0x0000000083800000, 0x0000000100000000)
  region size 1024K, 5 young (5120K), 5 survivors (5120K)
 Metaspace       used 46087K, capacity 47378K, committed 47568K, reserved 1091584K
  class space    used 5458K, capacity 5973K, committed 6016K, reserved 1048576K
}

